21:41:35.003 [main] INFO  - Clicking my account
21:41:35.167 [main] INFO  - clicking login link
21:41:35.504 [main] INFO  - Entering username
21:41:35.877 [main] INFO  - Entering password
21:41:36.204 [main] INFO  - Clicking Login
21:41:37.105 [main] INFO  - TC002_LoginPage Finished!...
21:41:37.110 [main] INFO  - windows Closed!.. .
22:39:58.788 [main] INFO  - Browser window maximized
22:39:58.828 [main] INFO  - Implicit wait set to 10 seconds
22:39:59.676 [main] INFO  - Navigated to URL: https://tutorialsninja.com/demo
22:39:59.750 [main] INFO  - TC001_AccountRegistrationPage Started!.....
22:39:59.872 [main] INFO  - Clicking My Account.....
22:40:00.904 [main] INFO  - Clicking Register......
22:40:02.277 [main] INFO  - Entering FirstName.....
22:40:02.571 [main] INFO  - Entering LastName.....
22:40:02.851 [main] INFO  - Entering MailId.....
22:40:03.085 [main] INFO  - Entering telephone number.....
22:40:03.333 [main] INFO  - Entering password.....
22:40:03.574 [main] INFO  - ReEnterning the password.....
22:40:03.730 [main] INFO  - Clicking radioButton.....
22:40:03.880 [main] INFO  - Privacy Policy clicking
22:40:04.697 [main] INFO  - Clicking Continue
22:40:04.873 [main] INFO  - windows Closed!.. .
22:40:09.356 [main] INFO  - Browser window maximized
22:40:09.375 [main] INFO  - Implicit wait set to 10 seconds
22:40:10.415 [main] INFO  - Navigated to URL: https://tutorialsninja.com/demo
22:40:10.418 [main] INFO  - TC002_LoginPage Started!...
22:40:10.419 [main] INFO  - Clicking my account
22:40:10.614 [main] INFO  - clicking login link
22:40:10.933 [main] INFO  - Entering username
22:40:11.285 [main] INFO  - Entering password
22:40:11.568 [main] INFO  - Clicking Login
22:40:12.545 [main] INFO  - TC002_LoginPage Finished!...
22:40:12.549 [main] INFO  - windows Closed!.. .
22:41:41.707 [main] INFO  - Browser window maximized
22:41:41.725 [main] INFO  - Implicit wait set to 10 seconds
22:41:42.741 [main] INFO  - Navigated to URL: https://tutorialsninja.com/demo
22:41:42.765 [main] INFO  - TC001_AccountRegistrationPage Started!.....
22:41:42.818 [main] INFO  - Clicking My Account.....
22:41:43.036 [main] INFO  - Clicking Register......
22:41:43.964 [main] INFO  - Entering FirstName.....
22:41:44.283 [main] INFO  - Entering LastName.....
22:41:44.534 [main] INFO  - Entering MailId.....
22:41:44.790 [main] INFO  - Entering telephone number.....
22:41:45.091 [main] INFO  - Entering password.....
22:41:45.322 [main] INFO  - ReEnterning the password.....
22:41:45.503 [main] INFO  - Clicking radioButton.....
22:41:45.686 [main] INFO  - Privacy Policy clicking
22:41:46.610 [main] INFO  - Clicking Continue
22:41:46.785 [main] INFO  - windows Closed!.. .
22:41:50.643 [main] INFO  - Browser window maximized
22:41:50.658 [main] INFO  - Implicit wait set to 10 seconds
22:41:51.037 [main] INFO  - Navigated to URL: https://tutorialsninja.com/demo
22:41:51.040 [main] INFO  - TC002_LoginPage Started!...
22:41:51.042 [main] INFO  - Clicking my account
22:41:51.860 [main] INFO  - clicking login link
22:41:52.196 [main] INFO  - Entering username
22:41:52.496 [main] INFO  - Entering password
22:41:52.793 [main] INFO  - Clicking Login
22:41:53.713 [main] INFO  - TC002_LoginPage Finished!...
22:41:53.718 [main] INFO  - windows Closed!.. .
22:49:19.480 [main] INFO  - Browser window maximized
22:49:19.500 [main] INFO  - Implicit wait set to 10 seconds
22:49:22.211 [main] INFO  - Navigated to URL: https://tutorialsninja.com/demo
22:49:22.251 [main] INFO  - TC001_AccountRegistrationPage Started!.....
22:49:22.411 [main] INFO  - Clicking My Account.....
22:49:23.497 [main] INFO  - Clicking Register......
22:49:26.058 [main] INFO  - Entering FirstName.....
22:49:26.315 [main] INFO  - Entering LastName.....
22:49:26.586 [main] INFO  - Entering MailId.....
22:49:26.910 [main] INFO  - Entering telephone number.....
22:49:27.215 [main] INFO  - Entering password.....
22:49:27.503 [main] INFO  - ReEnterning the password.....
22:49:27.692 [main] INFO  - Clicking radioButton.....
22:49:27.935 [main] INFO  - Privacy Policy clicking
22:49:28.906 [main] INFO  - Clicking Continue
22:49:29.069 [main] INFO  - windows Closed!.. .
22:49:34.299 [main] INFO  - Browser window maximized
22:49:34.319 [main] INFO  - Implicit wait set to 10 seconds
22:49:35.971 [main] INFO  - Navigated to URL: https://tutorialsninja.com/demo
22:49:35.975 [main] INFO  - TC002_LoginPage Started!...
22:49:35.976 [main] INFO  - Clicking my account
22:49:36.558 [main] INFO  - clicking login link
22:49:37.523 [main] INFO  - Entering username
22:49:38.279 [main] INFO  - Entering password
22:49:38.590 [main] INFO  - Clicking Login
22:49:39.641 [main] INFO  - TC002_LoginPage Finished!...
22:49:39.656 [main] INFO  - windows Closed!.. .
