16:44:29.913 [TestNG-test-ChromeTest-1] INFO  - Entering telephone number.....
16:44:30.093 [TestNG-test-ChromeTest-1] INFO  - Entering password.....
16:44:30.276 [TestNG-test-ChromeTest-1] INFO  - ReEnterning the password.....
16:44:30.407 [TestNG-test-ChromeTest-1] INFO  - Clicking radioButton.....
16:44:30.525 [TestNG-test-ChromeTest-1] INFO  - Privacy Policy clicking
16:44:31.160 [TestNG-test-ChromeTest-1] INFO  - Clicking Continue
16:44:31.224 [TestNG-test-ChromeTest-1] INFO  - windows Closed!.. .
16:44:34.769 [TestNG-test-FirefoxTest-1] INFO  - windows maximised!.. .
16:44:34.780 [TestNG-test-FirefoxTest-1] INFO  - Navigated to the URL!.. .
16:44:36.108 [TestNG-test-FirefoxTest-1] INFO  - TC001_AccountRegistrationPage Started!.....
16:44:36.109 [TestNG-test-FirefoxTest-1] INFO  - Clicking My Account.....
16:44:36.293 [TestNG-test-FirefoxTest-1] INFO  - Clicking Register......
16:44:37.165 [TestNG-test-FirefoxTest-1] INFO  - Entering FirstName.....
16:44:37.380 [TestNG-test-FirefoxTest-1] INFO  - Entering LastName.....
16:44:37.628 [TestNG-test-FirefoxTest-1] INFO  - Entering MailId.....
16:44:37.830 [TestNG-test-FirefoxTest-1] INFO  - Entering telephone number.....
16:44:38.058 [TestNG-test-FirefoxTest-1] INFO  - Entering password.....
16:44:38.369 [TestNG-test-FirefoxTest-1] INFO  - ReEnterning the password.....
16:44:38.517 [TestNG-test-FirefoxTest-1] INFO  - Clicking radioButton.....
16:44:38.656 [TestNG-test-FirefoxTest-1] INFO  - Privacy Policy clicking
16:44:39.354 [TestNG-test-FirefoxTest-1] INFO  - Clicking Continue
16:44:39.438 [TestNG-test-FirefoxTest-1] INFO  - windows Closed!.. .
16:44:45.618 [TestNG-test-EdgeTest-1] INFO  - windows maximised!.. .
16:44:45.625 [TestNG-test-EdgeTest-1] INFO  - Navigated to the URL!.. .
16:44:47.418 [TestNG-test-EdgeTest-1] INFO  - TC001_AccountRegistrationPage Started!.....
16:44:47.419 [TestNG-test-EdgeTest-1] INFO  - Clicking My Account.....
16:44:47.790 [TestNG-test-EdgeTest-1] INFO  - Clicking Register......
16:44:48.528 [TestNG-test-EdgeTest-1] INFO  - Entering FirstName.....
16:44:48.703 [TestNG-test-EdgeTest-1] INFO  - Entering LastName.....
16:44:48.778 [TestNG-test-EdgeTest-1] INFO  - Entering MailId.....
16:44:48.879 [TestNG-test-EdgeTest-1] INFO  - Entering telephone number.....
16:44:48.977 [TestNG-test-EdgeTest-1] INFO  - Entering password.....
16:44:49.095 [TestNG-test-EdgeTest-1] INFO  - ReEnterning the password.....
16:44:49.379 [TestNG-test-EdgeTest-1] INFO  - Clicking radioButton.....
16:44:49.628 [TestNG-test-EdgeTest-1] INFO  - Privacy Policy clicking
16:44:50.279 [TestNG-test-EdgeTest-1] INFO  - Clicking Continue
16:44:50.320 [TestNG-test-EdgeTest-1] INFO  - windows Closed!.. .
17:01:55.188 [TestNG-tests-1] INFO  - windows maximised!.. .
17:01:55.208 [TestNG-tests-1] INFO  - Navigated to the URL!.. .
17:01:55.980 [TestNG-tests-2] INFO  - windows maximised!.. .
17:01:55.993 [TestNG-tests-2] INFO  - Navigated to the URL!.. .
17:01:57.194 [TestNG-tests-1] INFO  - TC001_AccountRegistrationPage Started!.....
17:01:57.328 [TestNG-tests-1] INFO  - Clicking My Account.....
17:01:57.706 [TestNG-tests-2] INFO  - TC001_AccountRegistrationPage Started!.....
17:01:57.706 [TestNG-tests-2] INFO  - Clicking My Account.....
17:01:59.031 [TestNG-tests-1] INFO  - Clicking Register......
17:01:59.401 [TestNG-tests-2] INFO  - Clicking Register......
17:02:00.044 [TestNG-tests-3] INFO  - windows maximised!.. .
17:02:00.059 [TestNG-tests-3] INFO  - Navigated to the URL!.. .
17:02:02.921 [TestNG-tests-3] INFO  - TC001_AccountRegistrationPage Started!.....
17:02:02.922 [TestNG-tests-3] INFO  - Clicking My Account.....
17:02:03.352 [TestNG-tests-3] INFO  - Clicking Register......
17:02:03.386 [TestNG-tests-1] INFO  - Entering FirstName.....
17:02:03.709 [TestNG-tests-2] INFO  - Entering FirstName.....
17:02:03.988 [TestNG-tests-2] INFO  - Entering LastName.....
17:02:04.122 [TestNG-tests-1] INFO  - Entering LastName.....
17:02:04.445 [TestNG-tests-3] INFO  - Entering FirstName.....
17:02:04.588 [TestNG-tests-3] INFO  - Entering LastName.....
17:02:04.721 [TestNG-tests-3] INFO  - Entering MailId.....
17:02:04.779 [TestNG-tests-1] INFO  - Entering MailId.....
17:02:04.875 [TestNG-tests-3] INFO  - Entering telephone number.....
17:02:05.014 [TestNG-tests-3] INFO  - Entering password.....
17:02:05.110 [TestNG-tests-2] INFO  - Entering MailId.....
17:02:05.117 [TestNG-tests-3] INFO  - ReEnterning the password.....
17:02:05.370 [TestNG-tests-1] INFO  - Entering telephone number.....
17:02:05.385 [TestNG-tests-3] INFO  - Clicking radioButton.....
17:02:05.541 [TestNG-tests-2] INFO  - Entering telephone number.....
17:02:05.669 [TestNG-tests-3] INFO  - Privacy Policy clicking
17:02:05.679 [TestNG-tests-1] INFO  - Entering password.....
17:02:05.925 [TestNG-tests-1] INFO  - ReEnterning the password.....
17:02:06.125 [TestNG-tests-2] INFO  - Entering password.....
17:02:06.228 [TestNG-tests-1] INFO  - Clicking radioButton.....
