06:38:43.123 [main] INFO  - Entering telephone number.....
06:38:43.409 [main] INFO  - Entering password.....
06:38:43.718 [main] INFO  - ReEnterning the password.....
06:38:43.920 [main] INFO  - Clicking radioButton.....
06:38:44.171 [main] INFO  - Privacy Policy clicking
06:38:45.066 [main] INFO  - Clicking Continue
06:38:45.254 [main] INFO  - windows Closed!.. .
06:38:48.175 [main] INFO  - Browser window maximized
06:38:48.192 [main] INFO  - Implicit wait set to 10 seconds
06:38:48.507 [main] INFO  - Navigated to URL: https://tutorialsninja.com/demo
06:38:48.520 [main] INFO  - TC002_LoginPage Started!...
06:38:48.540 [main] INFO  - Clicking my account
06:38:49.634 [main] INFO  - clicking login link
06:38:50.252 [main] INFO  - Entering username
06:38:52.452 [main] INFO  - Entering password
06:38:52.677 [main] INFO  - Clicking Login
06:38:53.507 [main] INFO  - TC002_LoginPage Finished!...
06:38:53.517 [main] INFO  - windows Closed!.. .
08:14:36.147 [main] INFO  - Browser window maximized
08:14:36.164 [main] INFO  - Implicit wait set to 10 seconds
08:14:37.187 [main] INFO  - Navigated to URL: https://tutorialsninja.com/demo
08:14:37.228 [main] INFO  - TC001_AccountRegistrationPage Started!.....
08:14:37.310 [main] INFO  - Clicking My Account.....
08:14:37.489 [main] INFO  - Clicking Register......
08:14:38.582 [main] INFO  - Entering FirstName.....
08:14:38.833 [main] INFO  - Entering LastName.....
08:14:39.136 [main] INFO  - Entering MailId.....
08:14:39.401 [main] INFO  - Entering telephone number.....
08:14:39.675 [main] INFO  - Entering password.....
08:14:39.952 [main] INFO  - ReEnterning the password.....
08:14:40.116 [main] INFO  - Clicking radioButton.....
08:14:40.289 [main] INFO  - Privacy Policy clicking
08:14:41.008 [main] INFO  - Clicking Continue
08:14:41.148 [main] INFO  - windows Closed!.. .
08:14:45.726 [main] INFO  - Browser window maximized
08:14:45.745 [main] INFO  - Implicit wait set to 10 seconds
08:14:46.853 [main] INFO  - Navigated to URL: https://tutorialsninja.com/demo
08:14:46.859 [main] INFO  - TC002_LoginPage Started!...
08:14:46.859 [main] INFO  - Clicking my account
08:14:47.086 [main] INFO  - clicking login link
08:14:47.445 [main] INFO  - Entering username
08:14:47.872 [main] INFO  - Entering password
08:14:48.324 [main] INFO  - Clicking Login
08:14:59.432 [main] INFO  - windows Closed!.. .
21:38:34.455 [main] INFO  - Browser window maximized
21:38:34.491 [main] INFO  - Implicit wait set to 10 seconds
21:38:35.486 [main] INFO  - Navigated to URL: https://tutorialsninja.com/demo
21:38:35.515 [main] INFO  - TC001_AccountRegistrationPage Started!.....
21:38:35.587 [main] INFO  - Clicking My Account.....
21:38:35.779 [main] INFO  - Clicking Register......
21:38:36.543 [main] INFO  - Entering FirstName.....
21:38:36.903 [main] INFO  - Entering LastName.....
21:38:37.190 [main] INFO  - Entering MailId.....
21:38:37.433 [main] INFO  - Entering telephone number.....
21:38:37.697 [main] INFO  - Entering password.....
21:38:37.972 [main] INFO  - ReEnterning the password.....
21:38:38.190 [main] INFO  - Clicking radioButton.....
21:38:38.360 [main] INFO  - Privacy Policy clicking
21:38:39.213 [main] INFO  - Clicking Continue
21:38:39.356 [main] INFO  - windows Closed!.. .
21:38:44.306 [main] INFO  - Browser window maximized
21:38:44.320 [main] INFO  - Implicit wait set to 10 seconds
21:38:45.268 [main] INFO  - Navigated to URL: https://tutorialsninja.com/demo
21:38:45.272 [main] INFO  - TC002_LoginPage Started!...
21:38:45.273 [main] INFO  - Clicking my account
21:38:45.473 [main] INFO  - clicking login link
21:38:45.796 [main] INFO  - Entering username
21:38:46.116 [main] INFO  - Entering password
21:38:46.403 [main] INFO  - Clicking Login
21:38:57.531 [main] INFO  - windows Closed!.. .
21:41:23.704 [main] INFO  - Browser window maximized
21:41:23.741 [main] INFO  - Implicit wait set to 10 seconds
21:41:24.790 [main] INFO  - Navigated to URL: https://tutorialsninja.com/demo
21:41:24.828 [main] INFO  - TC001_AccountRegistrationPage Started!.....
21:41:24.951 [main] INFO  - Clicking My Account.....
21:41:25.167 [main] INFO  - Clicking Register......
21:41:26.048 [main] INFO  - Entering FirstName.....
21:41:26.341 [main] INFO  - Entering LastName.....
21:41:26.636 [main] INFO  - Entering MailId.....
21:41:26.901 [main] INFO  - Entering telephone number.....
21:41:27.155 [main] INFO  - Entering password.....
21:41:27.466 [main] INFO  - ReEnterning the password.....
21:41:27.649 [main] INFO  - Clicking radioButton.....
21:41:27.800 [main] INFO  - Privacy Policy clicking
21:41:29.055 [main] INFO  - Clicking Continue
21:41:29.242 [main] INFO  - windows Closed!.. .
21:41:33.977 [main] INFO  - Browser window maximized
21:41:33.989 [main] INFO  - Implicit wait set to 10 seconds
21:41:34.996 [main] INFO  - Navigated to URL: https://tutorialsninja.com/demo
21:41:35.002 [main] INFO  - TC002_LoginPage Started!...
